[0m09:02:19.925276 [debug] [MainThread]: Sending event: {'category': 'dbt', 'action': 'invocation', 'label': 'start', 'context': [<snowplow_tracker.self_describing_json.SelfDescribingJson object at 0x0000025E6DC192B0>, <snowplow_tracker.self_describing_json.SelfDescribingJson object at 0x0000025E6CC98B30>, <snowplow_tracker.self_describing_json.SelfDescribingJson object at 0x0000025E6D583950>]}


============================== 09:02:19.932872 | ccf7a18d-3f97-48d6-a0ad-256315b80e6a ==============================
[0m09:02:19.932872 [info ] [MainThread]: Running with dbt=1.9.1
[0m09:02:19.932872 [debug] [MainThread]: running dbt with arguments {'printer_width': '80', 'indirect_selection': 'eager', 'log_cache_events': 'False', 'write_json': 'True', 'partial_parse': 'True', 'cache_selected_only': 'False', 'warn_error': 'None', 'debug': 'False', 'profiles_dir': 'C:\\Users\\CharlesLima\\.dbt', 'log_path': 'logs', 'fail_fast': 'False', 'version_check': 'True', 'use_colors': 'True', 'use_experimental_parser': 'False', 'empty': 'None', 'quiet': 'False', 'no_print': 'None', 'warn_error_options': 'WarnErrorOptions(include=[], exclude=[])', 'static_parser': 'True', 'invocation_command': 'dbt init', 'log_format': 'default', 'target_path': 'None', 'introspect': 'True', 'send_anonymous_usage_stats': 'True'}
[0m09:02:45.644369 [debug] [MainThread]: Starter project path: C:\Users\CharlesLima\AppData\Local\Programs\Python\Python312\Lib\site-packages\dbt\include\starter_project
[0m09:02:45.672605 [info ] [MainThread]: 
Your new dbt project "projetoum" was created!

For more information on how to configure the profiles.yml file,
please consult the dbt documentation here:

  https://docs.getdbt.com/docs/configure-your-profile

One more thing:

Need help? Don't hesitate to reach out to us via GitHub issues or on Slack:

  https://community.getdbt.com/

Happy modeling!

[0m09:02:45.672605 [info ] [MainThread]: Setting up your profile.
[0m09:04:25.316137 [info ] [MainThread]: Profile projetoum written to C:\Users\CharlesLima\.dbt\profiles.yml using target's profile_template.yml and your supplied values. Run 'dbt debug' to validate the connection.
[0m09:04:25.318544 [debug] [MainThread]: Command `dbt init` succeeded at 09:04:25.318544 after 125.68 seconds
[0m09:04:25.318544 [debug] [MainThread]: Sending event: {'category': 'dbt', 'action': 'invocation', 'label': 'end', 'context': [<snowplow_tracker.self_describing_json.SelfDescribingJson object at 0x0000025E6DE3C890>, <snowplow_tracker.self_describing_json.SelfDescribingJson object at 0x0000025E6DAF6D80>, <snowplow_tracker.self_describing_json.SelfDescribingJson object at 0x0000025E6DAF7C80>]}
[0m09:04:25.318544 [debug] [MainThread]: Flushing usage events
[0m09:04:26.092809 [debug] [MainThread]: An error was encountered while trying to flush usage events
